<?xml version="1.0" encoding="UTF-8"?>
<testsuite xmlns:xsi="http://www.w3.org/2001/XMLSchema-instance" xsi:noNamespaceSchemaLocation="https://maven.apache.org/surefire/maven-surefire-plugin/xsd/surefire-test-report.xsd" version="3.0.2" name="com.mycompany.poe_part1.POE_part1Test" time="0.152" tests="16" errors="0" skipped="0" failures="0">
  <properties>
[...]
</properties>
  <testcase name="testCheckPassword_Failure" classname="com.mycompany.poe_part1.POE_part1Test" time="0.038"/>
  <testcase name="testCheckFirstName_NotEmpty" classname="com.mycompany.poe_part1.POE_part1Test" time="0.024">
    <system-out><![CDATA[
Enter your firstname:

firstname captured
]]></system-out>
  </testcase>
  <testcase name="testCheckCellnumber_Failure" classname="com.mycompany.poe_part1.POE_part1Test" time="0.002"/>
  <testcase name="testRegisterUserPassword" classname="com.mycompany.poe_part1.POE_part1Test" time="0.002">
    <system-out><![CDATA[PASSWORD SUCCESSFULLY CAPTURED
]]></system-out>
  </testcase>
  <testcase name="testReturnLoginStatus_Success" classname="com.mycompany.poe_part1.POE_part1Test" time="0.006">
    <system-out><![CDATA[
Enter your Username to login

Enter your PASSWORD to login

USERNAME and PASSWORD captured successfully

<<<<<Login SUCCESSFULL: WELCOME BACK>>>>> John Doe
It is great to see you again!!!
]]></system-out>
  </testcase>
  <testcase name="testRegisterUserAll_Success" classname="com.mycompany.poe_part1.POE_part1Test" time="0.002">
    <system-out><![CDATA[
Registration successfull
]]></system-out>
  </testcase>
  <testcase name="testReturnLoginStatus_Failure" classname="com.mycompany.poe_part1.POE_part1Test" time="0.002">
    <system-out><![CDATA[
Enter your Username to login

Enter your PASSWORD to login

Wrong USERNAME or PASSWORD

Login unsucessful
]]></system-out>
  </testcase>
  <testcase name="testLoginUser_Success" classname="com.mycompany.poe_part1.POE_part1Test" time="0.003">
    <system-out><![CDATA[
Enter your Username to login

Enter your PASSWORD to login

USERNAME and PASSWORD captured successfully
]]></system-out>
  </testcase>
  <testcase name="testRegisterUserCellnumber" classname="com.mycompany.poe_part1.POE_part1Test" time="0.002">
    <system-out><![CDATA[
CELLPHONE NUMBER SUCCESSFULLY CAPTURED
]]></system-out>
  </testcase>
  <testcase name="testCheckLastName_NotEmpty" classname="com.mycompany.poe_part1.POE_part1Test" time="0.002">
    <system-out><![CDATA[
Enter your lastname:

lastname captured
]]></system-out>
  </testcase>
  <testcase name="testLoginUser_Failure" classname="com.mycompany.poe_part1.POE_part1Test" time="0.002">
    <system-out><![CDATA[
Enter your Username to login

Enter your PASSWORD to login

Wrong USERNAME or PASSWORD
]]></system-out>
  </testcase>
  <testcase name="testCheckUsername_Success" classname="com.mycompany.poe_part1.POE_part1Test" time="0.001"/>
  <testcase name="testRegisterUserUsername" classname="com.mycompany.poe_part1.POE_part1Test" time="0.003">
    <system-out><![CDATA[
USERNAME SUCCESSFULLY CAPTURED
]]></system-out>
  </testcase>
  <testcase name="testCheckPassword_Success" classname="com.mycompany.poe_part1.POE_part1Test" time="0.002"/>
  <testcase name="testCheckUsername_Failure" classname="com.mycompany.poe_part1.POE_part1Test" time="0.001"/>
  <testcase name="testCheckCellnumber_Success" classname="com.mycompany.poe_part1.POE_part1Test" time="0.002"/>
</testsuite>